<?xml version="1.0" encoding="UTF-8"?>
<!-- Generated by org.testng.reporters.JUnitReportReporter -->
<testsuite hostname="LAPTOP-G57RMOS1" failures="0" tests="1" name="tests.OrangeHRMTest" time="16.565" errors="0" timestamp="2023-05-10T16:04:39 IST" skipped="0">
  <testcase classname="tests.OrangeHRMTest" name="loginLogoutTest" time="16.565"/>
  <system-out/>
</testsuite> <!-- tests.OrangeHRMTest -->
